d:\users\c0453411\desktop\np_project3_winsock_template\np_hw3\debug\vc120.pdb
d:\users\c0453411\desktop\np_project3_winsock_template\np_hw3\debug\vc120.idb
d:\users\c0453411\desktop\np_project3_winsock_template\np_hw3\debug\np_hw3.obj
d:\users\c0453411\desktop\np_project3_winsock_template\np_hw3\debug\np_hw3.res
d:\users\c0453411\desktop\np_project3_winsock_template\np_hw3\debug\np_hw3.pdb
d:\users\c0453411\desktop\np_project3_winsock_template\np_hw3\debug\np_hw3.tlog\cl.command.1.tlog
d:\users\c0453411\desktop\np_project3_winsock_template\np_hw3\debug\np_hw3.tlog\cl.read.1.tlog
d:\users\c0453411\desktop\np_project3_winsock_template\np_hw3\debug\np_hw3.tlog\cl.write.1.tlog
d:\users\c0453411\desktop\np_project3_winsock_template\np_hw3\debug\np_hw3.tlog\link-cvtres.read.1.tlog
d:\users\c0453411\desktop\np_project3_winsock_template\np_hw3\debug\np_hw3.tlog\link-cvtres.write.1.tlog
d:\users\c0453411\desktop\np_project3_winsock_template\np_hw3\debug\np_hw3.tlog\link-rc.read.1.tlog
d:\users\c0453411\desktop\np_project3_winsock_template\np_hw3\debug\np_hw3.tlog\link-rc.write.1.tlog
d:\users\c0453411\desktop\np_project3_winsock_template\np_hw3\debug\np_hw3.tlog\link.7112-cvtres.read.1.tlog
d:\users\c0453411\desktop\np_project3_winsock_template\np_hw3\debug\np_hw3.tlog\link.7112-cvtres.write.1.tlog
d:\users\c0453411\desktop\np_project3_winsock_template\np_hw3\debug\np_hw3.tlog\link.7112-rc.read.1.tlog
d:\users\c0453411\desktop\np_project3_winsock_template\np_hw3\debug\np_hw3.tlog\link.7112-rc.write.1.tlog
d:\users\c0453411\desktop\np_project3_winsock_template\np_hw3\debug\np_hw3.tlog\link.7112.read.1.tlog
d:\users\c0453411\desktop\np_project3_winsock_template\np_hw3\debug\np_hw3.tlog\link.7112.write.1.tlog
d:\users\c0453411\desktop\np_project3_winsock_template\np_hw3\debug\np_hw3.tlog\link.command.1.tlog
d:\users\c0453411\desktop\np_project3_winsock_template\np_hw3\debug\np_hw3.tlog\link.read.1.tlog
d:\users\c0453411\desktop\np_project3_winsock_template\np_hw3\debug\np_hw3.tlog\link.write.1.tlog
d:\users\c0453411\desktop\np_project3_winsock_template\np_hw3\debug\np_hw3.tlog\rc.command.1.tlog
d:\users\c0453411\desktop\np_project3_winsock_template\np_hw3\debug\np_hw3.tlog\rc.read.1.tlog
d:\users\c0453411\desktop\np_project3_winsock_template\np_hw3\debug\np_hw3.tlog\rc.write.1.tlog
